<?xml version="1.0" encoding="UTF-8"?>
<!-- Generated by org.testng.reporters.JUnitReportReporter -->
<testsuite skipped="0" hostname="QJ07312731" name="Academy.WindowsSwitch" tests="1" failures="0" timestamp="2020-08-14T16:32:17 CDT" time="7.555" errors="0">
  <testcase name="windowSwitch" time="7.555" classname="Academy.WindowsSwitch"/>
  <system-out/>
</testsuite> <!-- Academy.WindowsSwitch -->
