<?xml version="1.0" encoding="UTF-8"?>
<!-- Generated by org.testng.reporters.JUnitReportReporter -->
<testsuite skipped="0" hostname="QJ07312731" name="Academy.HomePage" tests="2" failures="0" timestamp="2020-08-14T16:32:17 CDT" time="15.014" errors="0">
  <testcase name="basPageNavigation" time="3.505" classname="Academy.HomePage"/>
  <system-out/>
  <testcase name="basPageNavigation" time="11.509" classname="Academy.HomePage"/>
  <system-out/>
</testsuite> <!-- Academy.HomePage -->
