<?xml version="1.0" encoding="UTF-8"?>
<!-- Generated by org.testng.reporters.JUnitReportReporter -->
<testsuite skipped="0" hostname="QJ07312731" name="CucumberOptions.TestRunner" tests="1" failures="0" timestamp="2020-08-14T16:32:17 CDT" time="21.519" errors="0">
  <testcase name="feature" time="21.519" classname="CucumberOptions.TestRunner"/>
  <system-out/>
</testsuite> <!-- CucumberOptions.TestRunner -->
